#-----------------------------------------------------------
# PlanAhead v13.4 (64-bit)
# Build 157570 by hdbuild on Fri Dec 16 12:49:33 MST 2011
# Start of session at: Tue Apr  9 09:11:48 2019
# Process ID: 3298
# Log file: /home/wowk/Documents/TP_automates_langages/El_Compilator/Archi_mat/TD1/planAhead_run_1/planAhead.log
# Journal file: /home/wowk/Documents/TP_automates_langages/El_Compilator/Archi_mat/TD1/planAhead_run_1/planAhead.jou
#-----------------------------------------------------------
INFO: [Common-78] Attempting to get a license: PlanAhead
INFO: [Common-82] Got a license: PlanAhead
INFO: [Common-86] Your PlanAhead license expires in -1651 day(s)
INFO: [Device-25] Loading parts and site information from /usr/local/insa/Xilinx.ISE/13.4/ISE_DS/PlanAhead/parts/arch.xmlParsing RTL primitives file [/usr/local/insa/Xilinx.ISE/13.4/ISE_DS/PlanAhead/parts/xilinx/rtl/prims/rtl_prims.xml]
Finished parsing RTL primitives file [/usr/local/insa/Xilinx.ISE/13.4/ISE_DS/PlanAhead/parts/xilinx/rtl/prims/rtl_prims.xml]
start_gui
source /home/wowk/Documents/TP_automates_langages/El_Compilator/Archi_mat/TD1/pa.fromNetlist.tcl
# create_project -name TD1 -dir "/home/wowk/Documents/TP_automates_langages/El_Compilator/Archi_mat/TD1/planAhead_run_2" -part xc6slx16csg324-3
ERROR: [Common-53] User Exception: Project already exists on disk, please use '-force' option to overwrite: 
     /home/wowk/Documents/TP_automates_langages/El_Compilator/Archi_mat/TD1/planAhead_run_2/TD1.ppr
     /home/wowk/Documents/TP_automates_langages/El_Compilator/Archi_mat/TD1/planAhead_run_2/TD1.data
exit
stop_gui
INFO: [PlanAhead-261] Exiting PlanAhead...
INFO: [Common-83] Releasing license: PlanAhead
