--------------------------------------------------------------------------------
Release 13.4 Trace  (lin64)
Copyright (c) 1995-2011 Xilinx, Inc.  All rights reserved.

/usr/local/insa/Xilinx.ISE/13.4/ISE_DS/ISE/bin/lin64/unwrapped/trce -intstyle
ise -v 3 -s 3 -n 3 -fastpaths -xml td1.twx td1.ncd -o td1.twr td1.pcf -ucf
td1.ucf

Design file:              td1.ncd
Physical constraint file: td1.pcf
Device,package,speed:     xc6slx16,csg324,C,-3 (PRODUCTION 1.21 2012-01-07)
Report level:             verbose report

Environment Variable      Effect 
--------------------      ------ 
NONE                      No environment variables were set
--------------------------------------------------------------------------------

INFO:Timing:2698 - No timing constraints found, doing default enumeration.
INFO:Timing:3412 - To improve timing, see the Timing Closure User Guide (UG612).
INFO:Timing:2752 - To get complete path coverage, use the unconstrained paths 
   option. All paths that are not constrained will be reported in the 
   unconstrained paths section(s) of the report.
INFO:Timing:3339 - The clock-to-out numbers in this timing report are based on 
   a 50 Ohm transmission line loading model.  For the details of this model, 
   and for more information on accounting for different loading conditions, 
   please see the device datasheet.



Data Sheet report:
-----------------
All values displayed in nanoseconds (ns)

Setup/Hold to clock CK
------------+------------+------------+------------+------------+------------------+--------+
            |Max Setup to|  Process   |Max Hold to |  Process   |                  | Clock  |
Source      | clk (edge) |   Corner   | clk (edge) |   Corner   |Internal Clock(s) | Phase  |
------------+------------+------------+------------+------------+------------------+--------+
Din<0>      |    1.061(R)|      FAST  |   -0.278(R)|      SLOW  |CK_BUFGP          |   0.000|
Din<1>      |    0.933(R)|      FAST  |   -0.082(R)|      SLOW  |CK_BUFGP          |   0.000|
Din<2>      |    0.952(R)|      FAST  |   -0.191(R)|      SLOW  |CK_BUFGP          |   0.000|
Din<3>      |    0.769(R)|      FAST  |    0.049(R)|      SLOW  |CK_BUFGP          |   0.000|
Din<4>      |    0.972(R)|      FAST  |   -0.206(R)|      SLOW  |CK_BUFGP          |   0.000|
Din<5>      |    0.932(R)|      FAST  |   -0.197(R)|      SLOW  |CK_BUFGP          |   0.000|
Din<6>      |    0.753(R)|      FAST  |   -0.169(R)|      SLOW  |CK_BUFGP          |   0.000|
Din<7>      |    0.638(R)|      FAST  |    0.085(R)|      SLOW  |CK_BUFGP          |   0.000|
EN          |    1.332(R)|      SLOW  |   -0.118(R)|      SLOW  |CK_BUFGP          |   0.000|
LOAD        |    1.582(R)|      SLOW  |   -0.227(R)|      SLOW  |CK_BUFGP          |   0.000|
RST         |    0.800(R)|      SLOW  |    0.312(R)|      SLOW  |CK_BUFGP          |   0.000|
SENS        |    1.609(R)|      SLOW  |   -0.196(R)|      SLOW  |CK_BUFGP          |   0.000|
------------+------------+------------+------------+------------+------------------+--------+

Clock CK to Pad
------------+-----------------+------------+-----------------+------------+------------------+--------+
            |Max (slowest) clk|  Process   |Min (fastest) clk|  Process   |                  | Clock  |
Destination |  (edge) to PAD  |   Corner   |  (edge) to PAD  |   Corner   |Internal Clock(s) | Phase  |
------------+-----------------+------------+-----------------+------------+------------------+--------+
Dout<0>     |         6.686(R)|      SLOW  |         3.461(R)|      FAST  |CK_BUFGP          |   0.000|
Dout<1>     |         6.686(R)|      SLOW  |         3.461(R)|      FAST  |CK_BUFGP          |   0.000|
Dout<2>     |         6.629(R)|      SLOW  |         3.378(R)|      FAST  |CK_BUFGP          |   0.000|
Dout<3>     |         6.747(R)|      SLOW  |         3.458(R)|      FAST  |CK_BUFGP          |   0.000|
Dout<4>     |         6.787(R)|      SLOW  |         3.494(R)|      FAST  |CK_BUFGP          |   0.000|
Dout<5>     |         6.787(R)|      SLOW  |         3.494(R)|      FAST  |CK_BUFGP          |   0.000|
Dout<6>     |         6.836(R)|      SLOW  |         3.519(R)|      FAST  |CK_BUFGP          |   0.000|
Dout<7>     |         6.991(R)|      SLOW  |         3.619(R)|      FAST  |CK_BUFGP          |   0.000|
------------+-----------------+------------+-----------------+------------+------------------+--------+

Clock to Setup on destination clock CK
---------------+---------+---------+---------+---------+
               | Src:Rise| Src:Fall| Src:Rise| Src:Fall|
Source Clock   |Dest:Rise|Dest:Rise|Dest:Fall|Dest:Fall|
---------------+---------+---------+---------+---------+
CK             |    1.824|         |         |         |
---------------+---------+---------+---------+---------+


Analysis completed Tue Apr  9 09:12:43 2019 
--------------------------------------------------------------------------------

Trace Settings:
-------------------------
Trace Settings 

Peak Memory Usage: 387 MB



